{"/Users/EmanuelePanesi/Desktop/DEMO/roadtripmap back/src/controllers/locationControllers.js": {"path":"/Users/EmanuelePanesi/Desktop/DEMO/roadtripmap back/src/controllers/locationControllers.js","statementMap":{"0":{"start":{"line":1,"column":17},"end":{"line":1,"column":55}},"1":{"start":{"line":2,"column":13},"end":{"line":2,"column":47}},"2":{"start":{"line":3,"column":20},"end":{"line":3,"column":51}},"3":{"start":{"line":5,"column":25},"end":{"line":25,"column":1}},"4":{"start":{"line":6,"column":21},"end":{"line":6,"column":31}},"5":{"start":{"line":8,"column":2},"end":{"line":24,"column":3}},"6":{"start":{"line":11,"column":8},"end":{"line":17,"column":6}},"7":{"start":{"line":19,"column":4},"end":{"line":19,"column":39}},"8":{"start":{"line":21,"column":18},"end":{"line":21,"column":69}},"9":{"start":{"line":23,"column":4},"end":{"line":23,"column":16}},"10":{"start":{"line":27,"column":0},"end":{"line":27,"column":38}}},"fnMap":{"0":{"name":"(anonymous_0)","decl":{"start":{"line":5,"column":25},"end":{"line":5,"column":26}},"loc":{"start":{"line":5,"column":51},"end":{"line":25,"column":1}},"line":5}},"branchMap":{},"s":{"0":1,"1":1,"2":1,"3":1,"4":2,"5":2,"6":2,"7":2,"8":1,"9":1,"10":1},"f":{"0":2},"b":{},"_coverageSchema":"1a1c01bbd47fc00a2c39e90264f33305004495a9","hash":"d53d683e3b14fe0da3577b6a24a3f59fdcf3a754"}
,"/Users/EmanuelePanesi/Desktop/DEMO/roadtripmap back/src/controllers/userControllers.js": {"path":"/Users/EmanuelePanesi/Desktop/DEMO/roadtripmap back/src/controllers/userControllers.js","statementMap":{"0":{"start":{"line":1,"column":0},"end":{"line":1,"column":27}},"1":{"start":{"line":2,"column":15},"end":{"line":2,"column":32}},"2":{"start":{"line":3,"column":21},"end":{"line":3,"column":44}},"3":{"start":{"line":4,"column":13},"end":{"line":4,"column":47}},"4":{"start":{"line":5,"column":20},"end":{"line":5,"column":51}},"5":{"start":{"line":7,"column":18},"end":{"line":34,"column":1}},"6":{"start":{"line":8,"column":33},"end":{"line":8,"column":41}},"7":{"start":{"line":10,"column":15},"end":{"line":10,"column":47}},"8":{"start":{"line":12,"column":2},"end":{"line":17,"column":3}},"9":{"start":{"line":13,"column":18},"end":{"line":13,"column":79}},"10":{"start":{"line":15,"column":4},"end":{"line":15,"column":16}},"11":{"start":{"line":16,"column":4},"end":{"line":16,"column":11}},"12":{"start":{"line":19,"column":19},"end":{"line":22,"column":3}},"13":{"start":{"line":24,"column":24},"end":{"line":24,"column":69}},"14":{"start":{"line":25,"column":2},"end":{"line":30,"column":3}},"15":{"start":{"line":26,"column":18},"end":{"line":26,"column":79}},"16":{"start":{"line":28,"column":4},"end":{"line":28,"column":16}},"17":{"start":{"line":29,"column":4},"end":{"line":29,"column":11}},"18":{"start":{"line":32,"column":16},"end":{"line":32,"column":67}},"19":{"start":{"line":33,"column":2},"end":{"line":33,"column":34}},"20":{"start":{"line":36,"column":21},"end":{"line":57,"column":1}},"21":{"start":{"line":37,"column":33},"end":{"line":37,"column":41}},"22":{"start":{"line":38,"column":15},"end":{"line":38,"column":47}},"23":{"start":{"line":40,"column":2},"end":{"line":45,"column":3}},"24":{"start":{"line":41,"column":18},"end":{"line":41,"column":77}},"25":{"start":{"line":43,"column":4},"end":{"line":43,"column":16}},"26":{"start":{"line":44,"column":4},"end":{"line":44,"column":11}},"27":{"start":{"line":46,"column":2},"end":{"line":56,"column":3}},"28":{"start":{"line":47,"column":30},"end":{"line":47,"column":61}},"29":{"start":{"line":48,"column":20},"end":{"line":48,"column":61}},"30":{"start":{"line":50,"column":4},"end":{"line":50,"column":31}},"31":{"start":{"line":51,"column":4},"end":{"line":51,"column":39}},"32":{"start":{"line":53,"column":18},"end":{"line":53,"column":68}},"33":{"start":{"line":55,"column":4},"end":{"line":55,"column":16}},"34":{"start":{"line":59,"column":0},"end":{"line":59,"column":45}}},"fnMap":{"0":{"name":"(anonymous_0)","decl":{"start":{"line":7,"column":18},"end":{"line":7,"column":19}},"loc":{"start":{"line":7,"column":44},"end":{"line":34,"column":1}},"line":7},"1":{"name":"(anonymous_1)","decl":{"start":{"line":36,"column":21},"end":{"line":36,"column":22}},"loc":{"start":{"line":36,"column":47},"end":{"line":57,"column":1}},"line":36}},"branchMap":{"0":{"loc":{"start":{"line":12,"column":2},"end":{"line":17,"column":3}},"type":"if","locations":[{"start":{"line":12,"column":2},"end":{"line":17,"column":3}},{"start":{},"end":{}}],"line":12},"1":{"loc":{"start":{"line":25,"column":2},"end":{"line":30,"column":3}},"type":"if","locations":[{"start":{"line":25,"column":2},"end":{"line":30,"column":3}},{"start":{},"end":{}}],"line":25},"2":{"loc":{"start":{"line":40,"column":2},"end":{"line":45,"column":3}},"type":"if","locations":[{"start":{"line":40,"column":2},"end":{"line":45,"column":3}},{"start":{},"end":{}}],"line":40}},"s":{"0":1,"1":1,"2":1,"3":1,"4":1,"5":1,"6":3,"7":3,"8":3,"9":1,"10":1,"11":1,"12":2,"13":2,"14":2,"15":0,"16":0,"17":0,"18":2,"19":2,"20":1,"21":3,"22":3,"23":3,"24":1,"25":1,"26":1,"27":2,"28":2,"29":2,"30":2,"31":2,"32":1,"33":1,"34":1},"f":{"0":3,"1":3},"b":{"0":[1,2],"1":[0,2],"2":[1,2]},"_coverageSchema":"1a1c01bbd47fc00a2c39e90264f33305004495a9","hash":"f44432d9f5a6a4529204b01e1b8737586985cd84"}
,"/Users/EmanuelePanesi/Desktop/DEMO/roadtripmap back/src/database/models/Location.js": {"path":"/Users/EmanuelePanesi/Desktop/DEMO/roadtripmap back/src/database/models/Location.js","statementMap":{"0":{"start":{"line":1,"column":26},"end":{"line":1,"column":45}},"1":{"start":{"line":3,"column":23},"end":{"line":28,"column":2}},"2":{"start":{"line":30,"column":17},"end":{"line":30,"column":63}},"3":{"start":{"line":32,"column":0},"end":{"line":32,"column":26}}},"fnMap":{},"branchMap":{},"s":{"0":1,"1":1,"2":1,"3":1},"f":{},"b":{},"_coverageSchema":"1a1c01bbd47fc00a2c39e90264f33305004495a9","hash":"67c0f40c4f8efe40b14fe58722cdbd143d9e0ba4"}
,"/Users/EmanuelePanesi/Desktop/DEMO/roadtripmap back/src/database/models/User.js": {"path":"/Users/EmanuelePanesi/Desktop/DEMO/roadtripmap back/src/database/models/User.js","statementMap":{"0":{"start":{"line":1,"column":26},"end":{"line":1,"column":45}},"1":{"start":{"line":3,"column":19},"end":{"line":22,"column":2}},"2":{"start":{"line":24,"column":13},"end":{"line":24,"column":47}},"3":{"start":{"line":26,"column":0},"end":{"line":26,"column":22}}},"fnMap":{},"branchMap":{},"s":{"0":1,"1":1,"2":1,"3":1},"f":{},"b":{},"_coverageSchema":"1a1c01bbd47fc00a2c39e90264f33305004495a9","hash":"38d2ba567524445ee7d3a4a13996aa88014e030f"}
,"/Users/EmanuelePanesi/Desktop/DEMO/roadtripmap back/src/mocks/mockLocations.js": {"path":"/Users/EmanuelePanesi/Desktop/DEMO/roadtripmap back/src/mocks/mockLocations.js","statementMap":{"0":{"start":{"line":1,"column":22},"end":{"line":30,"column":1}},"1":{"start":{"line":32,"column":0},"end":{"line":32,"column":31}}},"fnMap":{},"branchMap":{},"s":{"0":1,"1":1},"f":{},"b":{},"_coverageSchema":"1a1c01bbd47fc00a2c39e90264f33305004495a9","hash":"f824bad5959a56f53cf07dca627937a457d51cb9"}
,"/Users/EmanuelePanesi/Desktop/DEMO/roadtripmap back/src/mocks/mockUsers.js": {"path":"/Users/EmanuelePanesi/Desktop/DEMO/roadtripmap back/src/mocks/mockUsers.js","statementMap":{"0":{"start":{"line":1,"column":20},"end":{"line":5,"column":1}},"1":{"start":{"line":7,"column":0},"end":{"line":7,"column":29}}},"fnMap":{},"branchMap":{},"s":{"0":1,"1":1},"f":{},"b":{},"_coverageSchema":"1a1c01bbd47fc00a2c39e90264f33305004495a9","hash":"922fe20a732c4a7cbb27f3ad37e0b8359ba9a17f"}
,"/Users/EmanuelePanesi/Desktop/DEMO/roadtripmap back/src/server/middlewares/errors.js": {"path":"/Users/EmanuelePanesi/Desktop/DEMO/roadtripmap back/src/server/middlewares/errors.js","statementMap":{"0":{"start":{"line":1,"column":0},"end":{"line":1,"column":27}},"1":{"start":{"line":2,"column":14},"end":{"line":2,"column":70}},"2":{"start":{"line":3,"column":14},"end":{"line":3,"column":30}},"3":{"start":{"line":4,"column":20},"end":{"line":4,"column":54}},"4":{"start":{"line":6,"column":22},"end":{"line":10,"column":1}},"5":{"start":{"line":7,"column":16},"end":{"line":7,"column":54}},"6":{"start":{"line":9,"column":2},"end":{"line":9,"column":14}},"7":{"start":{"line":13,"column":21},"end":{"line":19,"column":1}},"8":{"start":{"line":14,"column":2},"end":{"line":14,"column":57}},"9":{"start":{"line":15,"column":18},"end":{"line":15,"column":55}},"10":{"start":{"line":16,"column":21},"end":{"line":16,"column":44}},"11":{"start":{"line":18,"column":2},"end":{"line":18,"column":56}},"12":{"start":{"line":21,"column":0},"end":{"line":24,"column":2}}},"fnMap":{"0":{"name":"(anonymous_0)","decl":{"start":{"line":6,"column":22},"end":{"line":6,"column":23}},"loc":{"start":{"line":6,"column":42},"end":{"line":10,"column":1}},"line":6},"1":{"name":"(anonymous_1)","decl":{"start":{"line":13,"column":21},"end":{"line":13,"column":22}},"loc":{"start":{"line":13,"column":48},"end":{"line":19,"column":1}},"line":13}},"branchMap":{"0":{"loc":{"start":{"line":14,"column":18},"end":{"line":14,"column":54}},"type":"binary-expr","locations":[{"start":{"line":14,"column":18},"end":{"line":14,"column":31}},{"start":{"line":14,"column":35},"end":{"line":14,"column":54}}],"line":14},"1":{"loc":{"start":{"line":15,"column":18},"end":{"line":15,"column":55}},"type":"binary-expr","locations":[{"start":{"line":15,"column":18},"end":{"line":15,"column":37}},{"start":{"line":15,"column":41},"end":{"line":15,"column":55}}],"line":15},"2":{"loc":{"start":{"line":16,"column":21},"end":{"line":16,"column":44}},"type":"binary-expr","locations":[{"start":{"line":16,"column":21},"end":{"line":16,"column":37}},{"start":{"line":16,"column":41},"end":{"line":16,"column":44}}],"line":16}},"s":{"0":1,"1":1,"2":1,"3":1,"4":1,"5":1,"6":1,"7":1,"8":1,"9":1,"10":1,"11":1,"12":1},"f":{"0":1,"1":1},"b":{"0":[1,1],"1":[1,0],"2":[1,1]},"_coverageSchema":"1a1c01bbd47fc00a2c39e90264f33305004495a9","hash":"aafdbb75e24e1796b048b9e7d0fbeab757dc2c29"}
,"/Users/EmanuelePanesi/Desktop/DEMO/roadtripmap back/src/utils/customError.js": {"path":"/Users/EmanuelePanesi/Desktop/DEMO/roadtripmap back/src/utils/customError.js","statementMap":{"0":{"start":{"line":1,"column":20},"end":{"line":8,"column":1}},"1":{"start":{"line":2,"column":16},"end":{"line":2,"column":42}},"2":{"start":{"line":3,"column":2},"end":{"line":3,"column":32}},"3":{"start":{"line":4,"column":2},"end":{"line":4,"column":38}},"4":{"start":{"line":5,"column":2},"end":{"line":5,"column":42}},"5":{"start":{"line":7,"column":2},"end":{"line":7,"column":15}},"6":{"start":{"line":10,"column":0},"end":{"line":10,"column":29}}},"fnMap":{"0":{"name":"(anonymous_0)","decl":{"start":{"line":1,"column":20},"end":{"line":1,"column":21}},"loc":{"start":{"line":1,"column":73},"end":{"line":8,"column":1}},"line":1}},"branchMap":{"0":{"loc":{"start":{"line":1,"column":48},"end":{"line":1,"column":68}},"type":"default-arg","locations":[{"start":{"line":1,"column":66},"end":{"line":1,"column":68}}],"line":1}},"s":{"0":3,"1":5,"2":5,"3":5,"4":5,"5":5,"6":3},"f":{"0":5},"b":{"0":[1]},"_coverageSchema":"1a1c01bbd47fc00a2c39e90264f33305004495a9","hash":"3eb5a2bec6352973c68bb70ee1700495381a5346"}
}
