{"/Users/EmanuelePanesi/Desktop/DEMO/roadtripmap back/src/controllers/locationControllers.js": {"path":"/Users/EmanuelePanesi/Desktop/DEMO/roadtripmap back/src/controllers/locationControllers.js","statementMap":{"0":{"start":{"line":1,"column":0},"end":{"line":1,"column":27}},"1":{"start":{"line":2,"column":14},"end":{"line":2,"column":77}},"2":{"start":{"line":3,"column":14},"end":{"line":3,"column":30}},"3":{"start":{"line":4,"column":17},"end":{"line":4,"column":55}},"4":{"start":{"line":5,"column":13},"end":{"line":5,"column":47}},"5":{"start":{"line":6,"column":20},"end":{"line":6,"column":51}},"6":{"start":{"line":8,"column":25},"end":{"line":28,"column":1}},"7":{"start":{"line":9,"column":21},"end":{"line":9,"column":31}},"8":{"start":{"line":11,"column":2},"end":{"line":27,"column":3}},"9":{"start":{"line":14,"column":8},"end":{"line":20,"column":6}},"10":{"start":{"line":22,"column":4},"end":{"line":22,"column":39}},"11":{"start":{"line":24,"column":18},"end":{"line":24,"column":69}},"12":{"start":{"line":26,"column":4},"end":{"line":26,"column":16}},"13":{"start":{"line":30,"column":23},"end":{"line":66,"column":1}},"14":{"start":{"line":31,"column":2},"end":{"line":31,"column":51}},"15":{"start":{"line":33,"column":2},"end":{"line":65,"column":3}},"16":{"start":{"line":34,"column":23},"end":{"line":34,"column":33}},"17":{"start":{"line":35,"column":55},"end":{"line":35,"column":63}},"18":{"start":{"line":36,"column":42},"end":{"line":36,"column":45}},"19":{"start":{"line":38,"column":17},"end":{"line":38,"column":44}},"20":{"start":{"line":40,"column":24},"end":{"line":50,"column":5}},"21":{"start":{"line":52,"column":26},"end":{"line":52,"column":60}},"22":{"start":{"line":53,"column":4},"end":{"line":53,"column":59}},"23":{"start":{"line":55,"column":4},"end":{"line":55,"column":48}},"24":{"start":{"line":56,"column":4},"end":{"line":58,"column":7}},"25":{"start":{"line":59,"column":4},"end":{"line":59,"column":74}},"26":{"start":{"line":61,"column":4},"end":{"line":61,"column":58}},"27":{"start":{"line":63,"column":18},"end":{"line":63,"column":79}},"28":{"start":{"line":64,"column":4},"end":{"line":64,"column":16}},"29":{"start":{"line":68,"column":0},"end":{"line":68,"column":54}}},"fnMap":{"0":{"name":"(anonymous_0)","decl":{"start":{"line":8,"column":25},"end":{"line":8,"column":26}},"loc":{"start":{"line":8,"column":51},"end":{"line":28,"column":1}},"line":8},"1":{"name":"(anonymous_1)","decl":{"start":{"line":30,"column":23},"end":{"line":30,"column":24}},"loc":{"start":{"line":30,"column":49},"end":{"line":66,"column":1}},"line":30}},"branchMap":{"0":{"loc":{"start":{"line":45,"column":15},"end":{"line":45,"column":64}},"type":"cond-expr","locations":[{"start":{"line":45,"column":36},"end":{"line":45,"column":59}},{"start":{"line":45,"column":62},"end":{"line":45,"column":64}}],"line":45}},"s":{"0":1,"1":1,"2":1,"3":1,"4":1,"5":1,"6":1,"7":2,"8":2,"9":2,"10":2,"11":1,"12":1,"13":1,"14":3,"15":3,"16":3,"17":3,"18":3,"19":3,"20":3,"21":3,"22":1,"23":1,"24":1,"25":1,"26":1,"27":2,"28":2,"29":1},"f":{"0":2,"1":3},"b":{"0":[3,0]},"_coverageSchema":"1a1c01bbd47fc00a2c39e90264f33305004495a9","hash":"7dbba843b21b3e9767978fe66d27d6f8aac4852a"}
,"/Users/EmanuelePanesi/Desktop/DEMO/roadtripmap back/src/controllers/userControllers.js": {"path":"/Users/EmanuelePanesi/Desktop/DEMO/roadtripmap back/src/controllers/userControllers.js","statementMap":{"0":{"start":{"line":1,"column":0},"end":{"line":1,"column":27}},"1":{"start":{"line":2,"column":15},"end":{"line":2,"column":32}},"2":{"start":{"line":3,"column":21},"end":{"line":3,"column":44}},"3":{"start":{"line":4,"column":13},"end":{"line":4,"column":47}},"4":{"start":{"line":5,"column":20},"end":{"line":5,"column":51}},"5":{"start":{"line":7,"column":18},"end":{"line":34,"column":1}},"6":{"start":{"line":8,"column":33},"end":{"line":8,"column":41}},"7":{"start":{"line":10,"column":15},"end":{"line":10,"column":47}},"8":{"start":{"line":12,"column":2},"end":{"line":17,"column":3}},"9":{"start":{"line":13,"column":18},"end":{"line":13,"column":79}},"10":{"start":{"line":15,"column":4},"end":{"line":15,"column":16}},"11":{"start":{"line":16,"column":4},"end":{"line":16,"column":11}},"12":{"start":{"line":19,"column":19},"end":{"line":22,"column":3}},"13":{"start":{"line":24,"column":24},"end":{"line":24,"column":69}},"14":{"start":{"line":25,"column":2},"end":{"line":30,"column":3}},"15":{"start":{"line":26,"column":18},"end":{"line":26,"column":71}},"16":{"start":{"line":28,"column":4},"end":{"line":28,"column":16}},"17":{"start":{"line":29,"column":4},"end":{"line":29,"column":11}},"18":{"start":{"line":32,"column":16},"end":{"line":32,"column":67}},"19":{"start":{"line":33,"column":2},"end":{"line":33,"column":34}},"20":{"start":{"line":36,"column":21},"end":{"line":57,"column":1}},"21":{"start":{"line":37,"column":33},"end":{"line":37,"column":41}},"22":{"start":{"line":38,"column":15},"end":{"line":38,"column":47}},"23":{"start":{"line":40,"column":2},"end":{"line":45,"column":3}},"24":{"start":{"line":41,"column":18},"end":{"line":41,"column":77}},"25":{"start":{"line":43,"column":4},"end":{"line":43,"column":16}},"26":{"start":{"line":44,"column":4},"end":{"line":44,"column":11}},"27":{"start":{"line":46,"column":2},"end":{"line":56,"column":3}},"28":{"start":{"line":47,"column":30},"end":{"line":47,"column":61}},"29":{"start":{"line":48,"column":20},"end":{"line":48,"column":61}},"30":{"start":{"line":50,"column":4},"end":{"line":50,"column":31}},"31":{"start":{"line":51,"column":4},"end":{"line":51,"column":39}},"32":{"start":{"line":53,"column":18},"end":{"line":53,"column":68}},"33":{"start":{"line":55,"column":4},"end":{"line":55,"column":16}},"34":{"start":{"line":59,"column":0},"end":{"line":59,"column":45}}},"fnMap":{"0":{"name":"(anonymous_0)","decl":{"start":{"line":7,"column":18},"end":{"line":7,"column":19}},"loc":{"start":{"line":7,"column":44},"end":{"line":34,"column":1}},"line":7},"1":{"name":"(anonymous_1)","decl":{"start":{"line":36,"column":21},"end":{"line":36,"column":22}},"loc":{"start":{"line":36,"column":47},"end":{"line":57,"column":1}},"line":36}},"branchMap":{"0":{"loc":{"start":{"line":12,"column":2},"end":{"line":17,"column":3}},"type":"if","locations":[{"start":{"line":12,"column":2},"end":{"line":17,"column":3}},{"start":{},"end":{}}],"line":12},"1":{"loc":{"start":{"line":25,"column":2},"end":{"line":30,"column":3}},"type":"if","locations":[{"start":{"line":25,"column":2},"end":{"line":30,"column":3}},{"start":{},"end":{}}],"line":25},"2":{"loc":{"start":{"line":40,"column":2},"end":{"line":45,"column":3}},"type":"if","locations":[{"start":{"line":40,"column":2},"end":{"line":45,"column":3}},{"start":{},"end":{}}],"line":40}},"s":{"0":1,"1":1,"2":1,"3":1,"4":1,"5":1,"6":4,"7":4,"8":4,"9":1,"10":1,"11":1,"12":3,"13":3,"14":3,"15":1,"16":1,"17":1,"18":2,"19":2,"20":1,"21":3,"22":3,"23":3,"24":1,"25":1,"26":1,"27":2,"28":2,"29":2,"30":2,"31":2,"32":1,"33":1,"34":1},"f":{"0":4,"1":3},"b":{"0":[1,3],"1":[1,2],"2":[1,2]},"_coverageSchema":"1a1c01bbd47fc00a2c39e90264f33305004495a9","hash":"0ee48dcb505a31cba8d94406835604f99d3dc8be"}
,"/Users/EmanuelePanesi/Desktop/DEMO/roadtripmap back/src/database/models/Location.js": {"path":"/Users/EmanuelePanesi/Desktop/DEMO/roadtripmap back/src/database/models/Location.js","statementMap":{"0":{"start":{"line":1,"column":26},"end":{"line":1,"column":45}},"1":{"start":{"line":3,"column":23},"end":{"line":30,"column":2}},"2":{"start":{"line":32,"column":17},"end":{"line":32,"column":63}},"3":{"start":{"line":34,"column":0},"end":{"line":34,"column":26}}},"fnMap":{},"branchMap":{},"s":{"0":1,"1":1,"2":1,"3":1},"f":{},"b":{},"_coverageSchema":"1a1c01bbd47fc00a2c39e90264f33305004495a9","hash":"954e1632f342413245ac8009f494dfc5416585f7"}
,"/Users/EmanuelePanesi/Desktop/DEMO/roadtripmap back/src/database/models/User.js": {"path":"/Users/EmanuelePanesi/Desktop/DEMO/roadtripmap back/src/database/models/User.js","statementMap":{"0":{"start":{"line":1,"column":26},"end":{"line":1,"column":45}},"1":{"start":{"line":3,"column":19},"end":{"line":22,"column":2}},"2":{"start":{"line":24,"column":13},"end":{"line":24,"column":47}},"3":{"start":{"line":26,"column":0},"end":{"line":26,"column":22}}},"fnMap":{},"branchMap":{},"s":{"0":1,"1":1,"2":1,"3":1},"f":{},"b":{},"_coverageSchema":"1a1c01bbd47fc00a2c39e90264f33305004495a9","hash":"38d2ba567524445ee7d3a4a13996aa88014e030f"}
,"/Users/EmanuelePanesi/Desktop/DEMO/roadtripmap back/src/mocks/mockLocations.js": {"path":"/Users/EmanuelePanesi/Desktop/DEMO/roadtripmap back/src/mocks/mockLocations.js","statementMap":{"0":{"start":{"line":1,"column":22},"end":{"line":28,"column":1}},"1":{"start":{"line":30,"column":0},"end":{"line":30,"column":31}}},"fnMap":{},"branchMap":{},"s":{"0":1,"1":1},"f":{},"b":{},"_coverageSchema":"1a1c01bbd47fc00a2c39e90264f33305004495a9","hash":"bd7a363bf5936352cb9a3babea1ef9be22b1daea"}
,"/Users/EmanuelePanesi/Desktop/DEMO/roadtripmap back/src/mocks/mockUsers.js": {"path":"/Users/EmanuelePanesi/Desktop/DEMO/roadtripmap back/src/mocks/mockUsers.js","statementMap":{"0":{"start":{"line":1,"column":20},"end":{"line":5,"column":1}},"1":{"start":{"line":7,"column":0},"end":{"line":7,"column":29}}},"fnMap":{},"branchMap":{},"s":{"0":1,"1":1},"f":{},"b":{},"_coverageSchema":"1a1c01bbd47fc00a2c39e90264f33305004495a9","hash":"922fe20a732c4a7cbb27f3ad37e0b8359ba9a17f"}
,"/Users/EmanuelePanesi/Desktop/DEMO/roadtripmap back/src/server/middlewares/auth.js": {"path":"/Users/EmanuelePanesi/Desktop/DEMO/roadtripmap back/src/server/middlewares/auth.js","statementMap":{"0":{"start":{"line":1,"column":14},"end":{"line":1,"column":62}},"1":{"start":{"line":2,"column":14},"end":{"line":2,"column":30}},"2":{"start":{"line":4,"column":12},"end":{"line":4,"column":35}},"3":{"start":{"line":6,"column":13},"end":{"line":30,"column":1}},"4":{"start":{"line":7,"column":28},"end":{"line":7,"column":39}},"5":{"start":{"line":9,"column":2},"end":{"line":29,"column":3}},"6":{"start":{"line":10,"column":4},"end":{"line":13,"column":5}},"7":{"start":{"line":11,"column":6},"end":{"line":11,"column":78}},"8":{"start":{"line":12,"column":6},"end":{"line":12,"column":24}},"9":{"start":{"line":15,"column":18},"end":{"line":15,"column":54}},"10":{"start":{"line":17,"column":19},"end":{"line":17,"column":60}},"11":{"start":{"line":18,"column":4},"end":{"line":18,"column":24}},"12":{"start":{"line":19,"column":4},"end":{"line":19,"column":49}},"13":{"start":{"line":21,"column":4},"end":{"line":21,"column":11}},"14":{"start":{"line":23,"column":4},"end":{"line":23,"column":44}},"15":{"start":{"line":24,"column":24},"end":{"line":24,"column":50}},"16":{"start":{"line":25,"column":4},"end":{"line":25,"column":33}},"17":{"start":{"line":26,"column":4},"end":{"line":26,"column":47}},"18":{"start":{"line":28,"column":4},"end":{"line":28,"column":22}},"19":{"start":{"line":32,"column":0},"end":{"line":32,"column":22}}},"fnMap":{"0":{"name":"(anonymous_0)","decl":{"start":{"line":6,"column":13},"end":{"line":6,"column":14}},"loc":{"start":{"line":6,"column":33},"end":{"line":30,"column":1}},"line":6}},"branchMap":{"0":{"loc":{"start":{"line":10,"column":4},"end":{"line":13,"column":5}},"type":"if","locations":[{"start":{"line":10,"column":4},"end":{"line":13,"column":5}},{"start":{},"end":{}}],"line":10}},"s":{"0":1,"1":1,"2":1,"3":1,"4":2,"5":2,"6":2,"7":1,"8":1,"9":1,"10":1,"11":1,"12":1,"13":1,"14":1,"15":1,"16":1,"17":1,"18":1,"19":1},"f":{"0":2},"b":{"0":[1,1]},"_coverageSchema":"1a1c01bbd47fc00a2c39e90264f33305004495a9","hash":"cb3f50f2245332d59920e441281bb6ef23b6358e"}
,"/Users/EmanuelePanesi/Desktop/DEMO/roadtripmap back/src/server/middlewares/errors.js": {"path":"/Users/EmanuelePanesi/Desktop/DEMO/roadtripmap back/src/server/middlewares/errors.js","statementMap":{"0":{"start":{"line":1,"column":0},"end":{"line":1,"column":27}},"1":{"start":{"line":2,"column":14},"end":{"line":2,"column":70}},"2":{"start":{"line":3,"column":14},"end":{"line":3,"column":30}},"3":{"start":{"line":4,"column":20},"end":{"line":4,"column":54}},"4":{"start":{"line":6,"column":22},"end":{"line":10,"column":1}},"5":{"start":{"line":7,"column":16},"end":{"line":7,"column":54}},"6":{"start":{"line":9,"column":2},"end":{"line":9,"column":14}},"7":{"start":{"line":13,"column":21},"end":{"line":19,"column":1}},"8":{"start":{"line":14,"column":2},"end":{"line":14,"column":57}},"9":{"start":{"line":15,"column":18},"end":{"line":15,"column":56}},"10":{"start":{"line":16,"column":21},"end":{"line":16,"column":44}},"11":{"start":{"line":18,"column":2},"end":{"line":18,"column":56}},"12":{"start":{"line":21,"column":0},"end":{"line":24,"column":2}}},"fnMap":{"0":{"name":"(anonymous_0)","decl":{"start":{"line":6,"column":22},"end":{"line":6,"column":23}},"loc":{"start":{"line":6,"column":42},"end":{"line":10,"column":1}},"line":6},"1":{"name":"(anonymous_1)","decl":{"start":{"line":13,"column":21},"end":{"line":13,"column":22}},"loc":{"start":{"line":13,"column":48},"end":{"line":19,"column":1}},"line":13}},"branchMap":{"0":{"loc":{"start":{"line":14,"column":18},"end":{"line":14,"column":54}},"type":"binary-expr","locations":[{"start":{"line":14,"column":18},"end":{"line":14,"column":31}},{"start":{"line":14,"column":35},"end":{"line":14,"column":54}}],"line":14},"1":{"loc":{"start":{"line":15,"column":18},"end":{"line":15,"column":56}},"type":"binary-expr","locations":[{"start":{"line":15,"column":18},"end":{"line":15,"column":37}},{"start":{"line":15,"column":41},"end":{"line":15,"column":56}}],"line":15},"2":{"loc":{"start":{"line":16,"column":21},"end":{"line":16,"column":44}},"type":"binary-expr","locations":[{"start":{"line":16,"column":21},"end":{"line":16,"column":37}},{"start":{"line":16,"column":41},"end":{"line":16,"column":44}}],"line":16}},"s":{"0":1,"1":1,"2":1,"3":1,"4":1,"5":1,"6":1,"7":1,"8":1,"9":1,"10":1,"11":1,"12":1},"f":{"0":1,"1":1},"b":{"0":[1,1],"1":[1,0],"2":[1,1]},"_coverageSchema":"1a1c01bbd47fc00a2c39e90264f33305004495a9","hash":"a879ab62a0f56bb83aabf85e14d104740b091e72"}
,"/Users/EmanuelePanesi/Desktop/DEMO/roadtripmap back/src/server/middlewares/firebaseImage/firebaseImage.js": {"path":"/Users/EmanuelePanesi/Desktop/DEMO/roadtripmap back/src/server/middlewares/firebaseImage/firebaseImage.js","statementMap":{"0":{"start":{"line":1,"column":26},"end":{"line":1,"column":49}},"1":{"start":{"line":2,"column":13},"end":{"line":2,"column":28}},"2":{"start":{"line":3,"column":11},"end":{"line":3,"column":24}},"3":{"start":{"line":9,"column":4},"end":{"line":9,"column":31}},"4":{"start":{"line":11,"column":23},"end":{"line":18,"column":1}},"5":{"start":{"line":20,"column":20},"end":{"line":20,"column":49}},"6":{"start":{"line":22,"column":18},"end":{"line":29,"column":1}},"7":{"start":{"line":23,"column":21},"end":{"line":23,"column":43}},"8":{"start":{"line":24,"column":19},"end":{"line":26,"column":3}},"9":{"start":{"line":27,"column":2},"end":{"line":27,"column":48}},"10":{"start":{"line":28,"column":2},"end":{"line":28,"column":36}},"11":{"start":{"line":31,"column":22},"end":{"line":57,"column":1}},"12":{"start":{"line":32,"column":20},"end":{"line":32,"column":23}},"13":{"start":{"line":34,"column":2},"end":{"line":56,"column":3}},"14":{"start":{"line":35,"column":20},"end":{"line":35,"column":43}},"15":{"start":{"line":36,"column":4},"end":{"line":36,"column":32}},"16":{"start":{"line":38,"column":4},"end":{"line":53,"column":7}},"17":{"start":{"line":39,"column":6},"end":{"line":52,"column":8}},"18":{"start":{"line":42,"column":10},"end":{"line":44,"column":11}},"19":{"start":{"line":43,"column":12},"end":{"line":43,"column":28}},"20":{"start":{"line":46,"column":34},"end":{"line":46,"column":75}},"21":{"start":{"line":47,"column":10},"end":{"line":47,"column":55}},"22":{"start":{"line":48,"column":10},"end":{"line":50,"column":11}},"23":{"start":{"line":49,"column":12},"end":{"line":49,"column":19}},"24":{"start":{"line":55,"column":4},"end":{"line":55,"column":11}},"25":{"start":{"line":59,"column":0},"end":{"line":59,"column":31}}},"fnMap":{"0":{"name":"(anonymous_0)","decl":{"start":{"line":22,"column":18},"end":{"line":22,"column":19}},"loc":{"start":{"line":22,"column":53},"end":{"line":29,"column":1}},"line":22},"1":{"name":"(anonymous_1)","decl":{"start":{"line":31,"column":22},"end":{"line":31,"column":23}},"loc":{"start":{"line":31,"column":48},"end":{"line":57,"column":1}},"line":31},"2":{"name":"(anonymous_2)","decl":{"start":{"line":38,"column":23},"end":{"line":38,"column":24}},"loc":{"start":{"line":38,"column":40},"end":{"line":53,"column":5}},"line":38},"3":{"name":"(anonymous_3)","decl":{"start":{"line":41,"column":8},"end":{"line":41,"column":9}},"loc":{"start":{"line":41,"column":39},"end":{"line":51,"column":9}},"line":41}},"branchMap":{"0":{"loc":{"start":{"line":34,"column":2},"end":{"line":56,"column":3}},"type":"if","locations":[{"start":{"line":34,"column":2},"end":{"line":56,"column":3}},{"start":{"line":54,"column":9},"end":{"line":56,"column":3}}],"line":34},"1":{"loc":{"start":{"line":42,"column":10},"end":{"line":44,"column":11}},"type":"if","locations":[{"start":{"line":42,"column":10},"end":{"line":44,"column":11}},{"start":{},"end":{}}],"line":42},"2":{"loc":{"start":{"line":48,"column":10},"end":{"line":50,"column":11}},"type":"if","locations":[{"start":{"line":48,"column":10},"end":{"line":50,"column":11}},{"start":{},"end":{}}],"line":48}},"s":{"0":1,"1":1,"2":1,"3":1,"4":1,"5":1,"6":1,"7":0,"8":0,"9":0,"10":0,"11":1,"12":3,"13":3,"14":0,"15":0,"16":0,"17":0,"18":0,"19":0,"20":0,"21":0,"22":0,"23":0,"24":3,"25":1},"f":{"0":0,"1":3,"2":0,"3":0},"b":{"0":[0,3],"1":[0,0],"2":[0,0]},"_coverageSchema":"1a1c01bbd47fc00a2c39e90264f33305004495a9","hash":"acd5be0cdf8749437b35f83eb2bd4ca9648e5e95"}
,"/Users/EmanuelePanesi/Desktop/DEMO/roadtripmap back/src/server/middlewares/saveImage/saveImage.js": {"path":"/Users/EmanuelePanesi/Desktop/DEMO/roadtripmap back/src/server/middlewares/saveImage/saveImage.js","statementMap":{"0":{"start":{"line":1,"column":11},"end":{"line":1,"column":24}},"1":{"start":{"line":2,"column":13},"end":{"line":2,"column":28}},"2":{"start":{"line":4,"column":18},"end":{"line":24,"column":1}},"3":{"start":{"line":5,"column":20},"end":{"line":5,"column":23}},"4":{"start":{"line":6,"column":2},"end":{"line":6,"column":22}},"5":{"start":{"line":8,"column":2},"end":{"line":22,"column":3}},"6":{"start":{"line":9,"column":4},"end":{"line":21,"column":7}},"7":{"start":{"line":10,"column":26},"end":{"line":10,"column":62}},"8":{"start":{"line":11,"column":6},"end":{"line":19,"column":8}},"9":{"start":{"line":15,"column":10},"end":{"line":17,"column":11}},"10":{"start":{"line":16,"column":12},"end":{"line":16,"column":24}},"11":{"start":{"line":20,"column":6},"end":{"line":20,"column":39}},"12":{"start":{"line":23,"column":2},"end":{"line":23,"column":9}},"13":{"start":{"line":26,"column":0},"end":{"line":26,"column":31}}},"fnMap":{"0":{"name":"(anonymous_0)","decl":{"start":{"line":4,"column":18},"end":{"line":4,"column":19}},"loc":{"start":{"line":4,"column":38},"end":{"line":24,"column":1}},"line":4},"1":{"name":"(anonymous_1)","decl":{"start":{"line":9,"column":18},"end":{"line":9,"column":19}},"loc":{"start":{"line":9,"column":28},"end":{"line":21,"column":5}},"line":9},"2":{"name":"(anonymous_2)","decl":{"start":{"line":14,"column":8},"end":{"line":14,"column":9}},"loc":{"start":{"line":14,"column":19},"end":{"line":18,"column":9}},"line":14}},"branchMap":{"0":{"loc":{"start":{"line":8,"column":2},"end":{"line":22,"column":3}},"type":"if","locations":[{"start":{"line":8,"column":2},"end":{"line":22,"column":3}},{"start":{},"end":{}}],"line":8},"1":{"loc":{"start":{"line":15,"column":10},"end":{"line":17,"column":11}},"type":"if","locations":[{"start":{"line":15,"column":10},"end":{"line":17,"column":11}},{"start":{},"end":{}}],"line":15}},"s":{"0":1,"1":1,"2":1,"3":2,"4":2,"5":2,"6":2,"7":2,"8":2,"9":1,"10":1,"11":2,"12":2,"13":1},"f":{"0":2,"1":2,"2":1},"b":{"0":[2,0],"1":[1,0]},"_coverageSchema":"1a1c01bbd47fc00a2c39e90264f33305004495a9","hash":"042acfe360593f408e275df016b2d2e7f647d089"}
,"/Users/EmanuelePanesi/Desktop/DEMO/roadtripmap back/src/utils/customError.js": {"path":"/Users/EmanuelePanesi/Desktop/DEMO/roadtripmap back/src/utils/customError.js","statementMap":{"0":{"start":{"line":1,"column":20},"end":{"line":8,"column":1}},"1":{"start":{"line":2,"column":16},"end":{"line":2,"column":42}},"2":{"start":{"line":3,"column":2},"end":{"line":3,"column":32}},"3":{"start":{"line":4,"column":2},"end":{"line":4,"column":38}},"4":{"start":{"line":5,"column":2},"end":{"line":5,"column":42}},"5":{"start":{"line":7,"column":2},"end":{"line":7,"column":15}},"6":{"start":{"line":10,"column":0},"end":{"line":10,"column":29}}},"fnMap":{"0":{"name":"(anonymous_0)","decl":{"start":{"line":1,"column":20},"end":{"line":1,"column":21}},"loc":{"start":{"line":1,"column":73},"end":{"line":8,"column":1}},"line":1}},"branchMap":{"0":{"loc":{"start":{"line":1,"column":48},"end":{"line":1,"column":68}},"type":"default-arg","locations":[{"start":{"line":1,"column":66},"end":{"line":1,"column":68}}],"line":1}},"s":{"0":3,"1":8,"2":8,"3":8,"4":8,"5":8,"6":3},"f":{"0":8},"b":{"0":[1]},"_coverageSchema":"1a1c01bbd47fc00a2c39e90264f33305004495a9","hash":"3eb5a2bec6352973c68bb70ee1700495381a5346"}
}
