TN:
SF:src/controllers/locationControllers.js
FN:5,(anonymous_0)
FNF:1
FNH:1
FNDA:2,(anonymous_0)
DA:1,1
DA:2,1
DA:3,1
DA:5,1
DA:6,2
DA:8,2
DA:11,2
DA:19,2
DA:21,1
DA:23,1
DA:27,1
LF:11
LH:11
BRF:0
BRH:0
end_of_record
TN:
SF:src/controllers/userControllers.js
FN:7,(anonymous_0)
FN:36,(anonymous_1)
FNF:2
FNH:2
FNDA:3,(anonymous_0)
FNDA:3,(anonymous_1)
DA:1,1
DA:2,1
DA:3,1
DA:4,1
DA:5,1
DA:7,1
DA:8,3
DA:10,3
DA:12,3
DA:13,1
DA:15,1
DA:16,1
DA:19,2
DA:24,2
DA:25,2
DA:26,0
DA:28,0
DA:29,0
DA:32,2
DA:33,2
DA:36,1
DA:37,3
DA:38,3
DA:40,3
DA:41,1
DA:43,1
DA:44,1
DA:46,2
DA:47,2
DA:48,2
DA:50,2
DA:51,2
DA:53,1
DA:55,1
DA:59,1
LF:35
LH:32
BRDA:12,0,0,1
BRDA:12,0,1,2
BRDA:25,1,0,0
BRDA:25,1,1,2
BRDA:40,2,0,1
BRDA:40,2,1,2
BRF:6
BRH:5
end_of_record
TN:
SF:src/database/models/Location.js
FNF:0
FNH:0
DA:1,1
DA:3,1
DA:30,1
DA:32,1
LF:4
LH:4
BRF:0
BRH:0
end_of_record
TN:
SF:src/database/models/User.js
FNF:0
FNH:0
DA:1,1
DA:3,1
DA:24,1
DA:26,1
LF:4
LH:4
BRF:0
BRH:0
end_of_record
TN:
SF:src/server/middlewares/errors.js
FN:6,(anonymous_0)
FN:13,(anonymous_1)
FNF:2
FNH:2
FNDA:1,(anonymous_0)
FNDA:1,(anonymous_1)
DA:1,1
DA:2,1
DA:3,1
DA:4,1
DA:6,1
DA:7,1
DA:9,1
DA:13,1
DA:14,1
DA:15,1
DA:16,1
DA:18,1
DA:21,1
LF:13
LH:13
BRDA:14,0,0,1
BRDA:14,0,1,1
BRDA:15,1,0,1
BRDA:15,1,1,0
BRDA:16,2,0,1
BRDA:16,2,1,1
BRF:6
BRH:5
end_of_record
TN:
SF:src/utils/customError.js
FN:1,(anonymous_0)
FNF:1
FNH:1
FNDA:5,(anonymous_0)
DA:1,3
DA:2,5
DA:3,5
DA:4,5
DA:5,5
DA:7,5
DA:10,3
LF:7
LH:7
BRDA:1,0,0,1
BRF:1
BRH:1
end_of_record
