TN:
SF:src/controllers/locationControllers.js
FN:8,(anonymous_0)
FN:30,(anonymous_1)
FNF:2
FNH:2
FNDA:2,(anonymous_0)
FNDA:3,(anonymous_1)
DA:1,1
DA:2,1
DA:3,1
DA:4,1
DA:5,1
DA:6,1
DA:8,1
DA:9,2
DA:11,2
DA:14,2
DA:22,2
DA:24,1
DA:26,1
DA:30,1
DA:31,3
DA:32,3
DA:33,3
DA:34,3
DA:35,3
DA:36,3
DA:37,3
DA:38,3
DA:39,3
DA:50,3
DA:51,3
DA:52,1
DA:54,1
DA:55,1
DA:58,1
DA:60,1
DA:62,2
DA:63,2
DA:67,1
LF:33
LH:33
BRDA:44,0,0,0
BRDA:44,0,1,3
BRDA:44,1,0,3
BRDA:44,1,1,3
BRF:4
BRH:3
end_of_record
TN:
SF:src/controllers/userControllers.js
FN:7,(anonymous_0)
FN:36,(anonymous_1)
FNF:2
FNH:2
FNDA:3,(anonymous_0)
FNDA:3,(anonymous_1)
DA:1,1
DA:2,1
DA:3,1
DA:4,1
DA:5,1
DA:7,1
DA:8,3
DA:10,3
DA:12,3
DA:13,1
DA:15,1
DA:16,1
DA:19,2
DA:24,2
DA:25,2
DA:26,0
DA:28,0
DA:29,0
DA:32,2
DA:33,2
DA:36,1
DA:37,3
DA:38,3
DA:40,3
DA:41,1
DA:43,1
DA:44,1
DA:46,2
DA:47,2
DA:48,2
DA:50,2
DA:51,2
DA:53,1
DA:55,1
DA:59,1
LF:35
LH:32
BRDA:12,0,0,1
BRDA:12,0,1,2
BRDA:25,1,0,0
BRDA:25,1,1,2
BRDA:40,2,0,1
BRDA:40,2,1,2
BRF:6
BRH:5
end_of_record
TN:
SF:src/database/models/Location.js
FNF:0
FNH:0
DA:1,1
DA:3,1
DA:32,1
DA:34,1
LF:4
LH:4
BRF:0
BRH:0
end_of_record
TN:
SF:src/database/models/User.js
FNF:0
FNH:0
DA:1,1
DA:3,1
DA:24,1
DA:26,1
LF:4
LH:4
BRF:0
BRH:0
end_of_record
TN:
SF:src/mocks/mockLocations.js
FNF:0
FNH:0
DA:1,1
DA:30,1
LF:2
LH:2
BRF:0
BRH:0
end_of_record
TN:
SF:src/mocks/mockUsers.js
FNF:0
FNH:0
DA:1,1
DA:7,1
LF:2
LH:2
BRF:0
BRH:0
end_of_record
TN:
SF:src/server/middlewares/auth.js
FN:6,(anonymous_0)
FNF:1
FNH:1
FNDA:2,(anonymous_0)
DA:1,1
DA:2,1
DA:4,1
DA:6,1
DA:7,2
DA:9,2
DA:10,2
DA:11,1
DA:12,1
DA:15,1
DA:17,1
DA:18,1
DA:19,1
DA:21,1
DA:23,1
DA:24,1
DA:25,1
DA:26,1
DA:28,1
DA:32,1
LF:20
LH:20
BRDA:10,0,0,1
BRDA:10,0,1,1
BRF:2
BRH:2
end_of_record
TN:
SF:src/server/middlewares/errors.js
FN:6,(anonymous_0)
FN:13,(anonymous_1)
FNF:2
FNH:2
FNDA:1,(anonymous_0)
FNDA:1,(anonymous_1)
DA:1,1
DA:2,1
DA:3,1
DA:4,1
DA:6,1
DA:7,1
DA:9,1
DA:13,1
DA:14,1
DA:15,1
DA:16,1
DA:18,1
DA:21,1
LF:13
LH:13
BRDA:14,0,0,1
BRDA:14,0,1,1
BRDA:15,1,0,1
BRDA:15,1,1,0
BRDA:16,2,0,1
BRDA:16,2,1,1
BRF:6
BRH:5
end_of_record
TN:
SF:src/server/middlewares/firebaseImage/firebaseImage.js
FN:22,(anonymous_0)
FN:31,(anonymous_1)
FN:37,(anonymous_2)
FN:40,(anonymous_3)
FNF:4
FNH:1
FNDA:0,(anonymous_0)
FNDA:3,(anonymous_1)
FNDA:0,(anonymous_2)
FNDA:0,(anonymous_3)
DA:1,1
DA:2,1
DA:3,1
DA:9,1
DA:11,1
DA:20,1
DA:22,1
DA:23,0
DA:24,0
DA:27,0
DA:28,0
DA:31,1
DA:32,3
DA:34,3
DA:35,0
DA:36,0
DA:37,0
DA:38,0
DA:41,0
DA:42,0
DA:45,0
DA:46,0
DA:47,0
DA:48,0
DA:54,3
DA:58,1
LF:26
LH:12
BRDA:34,0,0,0
BRDA:34,0,1,3
BRDA:34,1,0,3
BRDA:34,1,1,3
BRDA:41,2,0,0
BRDA:41,2,1,0
BRDA:47,3,0,0
BRDA:47,3,1,0
BRF:8
BRH:3
end_of_record
TN:
SF:src/server/middlewares/saveImage/saveImage.js
FN:4,(anonymous_0)
FN:10,(anonymous_1)
FN:15,(anonymous_2)
FNF:3
FNH:3
FNDA:2,(anonymous_0)
FNDA:2,(anonymous_1)
FNDA:1,(anonymous_2)
DA:1,1
DA:2,1
DA:4,1
DA:5,2
DA:6,2
DA:8,2
DA:9,2
DA:10,2
DA:11,2
DA:12,2
DA:16,1
DA:17,1
DA:21,2
DA:24,2
DA:27,1
LF:15
LH:15
BRDA:8,0,0,2
BRDA:8,0,1,0
BRDA:8,1,0,2
BRDA:8,1,1,0
BRDA:9,2,0,0
BRDA:9,2,1,2
BRDA:16,3,0,1
BRDA:16,3,1,0
BRF:8
BRH:4
end_of_record
TN:
SF:src/utils/customError.js
FN:1,(anonymous_0)
FNF:1
FNH:1
FNDA:7,(anonymous_0)
DA:1,3
DA:2,7
DA:3,7
DA:4,7
DA:5,7
DA:7,7
DA:10,3
LF:7
LH:7
BRDA:1,0,0,1
BRF:1
BRH:1
end_of_record
